--------------- Clean Started: 01/09/2020 21:23:23 Project: AHU_1, Configuration: ARM GCC 5.4-2016-q2-update Debug ---------------
Deleting file ".\CortexM3\ARM_GCC_541\Debug\main.o"
Deleting file ".\CortexM3\ARM_GCC_541\Debug\max31865.o"
Deleting file ".\CortexM3\ARM_GCC_541\Debug\ModbusRtu.o"
Deleting file ".\CortexM3\ARM_GCC_541\Debug\ds18b20.o"
Deleting file ".\CortexM3\ARM_GCC_541\Debug\one_wire.o"
Deleting file ".\CortexM3\ARM_GCC_541\Debug\cyfitter_cfg.o"
Deleting file ".\CortexM3\ARM_GCC_541\Debug\cymetadata.o"
Deleting file ".\CortexM3\ARM_GCC_541\Debug\Cm3Start.o"
Deleting file ".\CortexM3\ARM_GCC_541\Debug\CyBootAsmGnu.o"
Deleting file ".\CortexM3\ARM_GCC_541\Debug\CyDmac.o"
Deleting file ".\CortexM3\ARM_GCC_541\Debug\CyFlash.o"
Deleting file ".\CortexM3\ARM_GCC_541\Debug\CyLib.o"
Deleting file ".\CortexM3\ARM_GCC_541\Debug\cyPm.o"
Deleting file ".\CortexM3\ARM_GCC_541\Debug\CySpc.o"
Deleting file ".\CortexM3\ARM_GCC_541\Debug\cyutils.o"
Deleting file ".\CortexM3\ARM_GCC_541\Debug\RS485.o"
Deleting file ".\CortexM3\ARM_GCC_541\Debug\RS485_PM.o"
Deleting file ".\CortexM3\ARM_GCC_541\Debug\RS485_INT.o"
Deleting file ".\CortexM3\ARM_GCC_541\Debug\RS485_BOOT.o"
Deleting file ".\CortexM3\ARM_GCC_541\Debug\RS485_IntClock.o"
Deleting file ".\CortexM3\ARM_GCC_541\Debug\Rx_Int.o"
Deleting file ".\CortexM3\ARM_GCC_541\Debug\Timer.o"
Deleting file ".\CortexM3\ARM_GCC_541\Debug\Timer_PM.o"
Deleting file ".\CortexM3\ARM_GCC_541\Debug\Timer_Int.o"
Deleting file ".\CortexM3\ARM_GCC_541\Debug\SPIM.o"
Deleting file ".\CortexM3\ARM_GCC_541\Debug\SPIM_PM.o"
Deleting file ".\CortexM3\ARM_GCC_541\Debug\SPIM_INT.o"
Deleting file ".\CortexM3\ARM_GCC_541\Debug\SPIM_IntClock.o"
Deleting file ".\CortexM3\ARM_GCC_541\Debug\Pressure.o"
Deleting file ".\CortexM3\ARM_GCC_541\Debug\ADC.o"
Deleting file ".\CortexM3\ARM_GCC_541\Debug\ADC_PM.o"
Deleting file ".\CortexM3\ARM_GCC_541\Debug\ADC_INT.o"
Deleting file ".\CortexM3\ARM_GCC_541\Debug\ADC_AMux.o"
Deleting file ".\CortexM3\ARM_GCC_541\Debug\ADC_Ext_CP_Clk.o"
Deleting file ".\CortexM3\ARM_GCC_541\Debug\ADC_IRQ.o"
Deleting file ".\CortexM3\ARM_GCC_541\Debug\ADC_theACLK.o"
Deleting file ".\CortexM3\ARM_GCC_541\Debug\AMux.o"
Deleting file ".\CortexM3\ARM_GCC_541\Debug\Movement.o"
Deleting file ".\CortexM3\ARM_GCC_541\Debug\cy_em_eeprom.o"
Deleting file ".\CortexM3\ARM_GCC_541\Debug\MOSI.o"
Deleting file ".\CortexM3\ARM_GCC_541\Debug\MISO.o"
Deleting file ".\CortexM3\ARM_GCC_541\Debug\MAX31865_CS.o"
Deleting file ".\CortexM3\ARM_GCC_541\Debug\SCLK.o"
Deleting file ".\CortexM3\ARM_GCC_541\Debug\LED.o"
Deleting file ".\CortexM3\ARM_GCC_541\Debug\Wire1.o"
Deleting file ".\CortexM3\ARM_GCC_541\Debug\relay.o"
Deleting file ".\CortexM3\ARM_GCC_541\Debug\Wemos_Rx_Int.o"
Deleting file ".\CortexM3\ARM_GCC_541\Debug\DINP.o"
Deleting file ".\CortexM3\ARM_GCC_541\Debug\Wemos.o"
Deleting file ".\CortexM3\ARM_GCC_541\Debug\Wemos_PM.o"
Deleting file ".\CortexM3\ARM_GCC_541\Debug\Wemos_INT.o"
Deleting file ".\CortexM3\ARM_GCC_541\Debug\Wemos_BOOT.o"
Deleting file ".\CortexM3\ARM_GCC_541\Debug\RS485_En.o"
Deleting file ".\CortexM3\ARM_GCC_541\Debug\DIP.o"
Deleting file ".\CortexM3\ARM_GCC_541\Debug\Wemos_IntClock.o"
Deleting file ".\CortexM3\ARM_GCC_541\Debug\Rx_Timer.o"
Deleting file ".\CortexM3\ARM_GCC_541\Debug\Rx_Timer_PM.o"
Deleting file ".\CortexM3\ARM_GCC_541\Debug\Rx_Timer_Int.o"
Deleting file ".\CortexM3\ARM_GCC_541\Debug\AHU_1.hex"
Deleting file ".\CortexM3\ARM_GCC_541\Debug\AHU_1.elf"
Deleting file ".\CortexM3\ARM_GCC_541\Debug\AHU_1.map"
Deleting file ".\AHU_1.cycdx"
Deleting file ".\AHU_1.svd"
Deleting file ".\AHU_1.rpt"
Deleting file ".\AHU_1_timing.html"
Deleting file ".\CortexM3\ARM_GCC_541\Debug\.deps\SOURCE_C__ARM_GCC_GENERIC.P"
Deleting file ".\CortexM3\ARM_GCC_541\Debug\.deps\SOURCE_ASM__ARM_GCC_GENERIC.P"
--------------- Clean Succeeded: 01/09/2020 21:23:24 ---------------
