ARM GAS  C:\Users\scott\AppData\Local\Temp\cc9wzVNc.s 			page 1


   1              		.syntax unified
   2              		.cpu cortex-m3
   3              		.fpu softvfp
   4              		.eabi_attribute 20, 1
   5              		.eabi_attribute 21, 1
   6              		.eabi_attribute 23, 3
   7              		.eabi_attribute 24, 1
   8              		.eabi_attribute 25, 1
   9              		.eabi_attribute 26, 1
  10              		.eabi_attribute 30, 1
  11              		.eabi_attribute 34, 1
  12              		.eabi_attribute 18, 4
  13              		.thumb
  14              		.syntax unified
  15              		.file	"max31855.c"
  16              		.text
  17              	.Ltext0:
  18              		.cfi_sections	.debug_frame
  19              		.section	.text.read_max31855,"ax",%progbits
  20              		.align	2
  21              		.global	read_max31855
  22              		.thumb
  23              		.thumb_func
  24              		.type	read_max31855, %function
  25              	read_max31855:
  26              	.LFB64:
  27              		.file 1 "..\\max31855.c"
   1:..\max31855.c **** #include "project.h"
   2:..\max31855.c **** #include <stdio.h>
   3:..\max31855.c **** #include <stdlib.h>
   4:..\max31855.c **** #include "max31855.h"
   5:..\max31855.c **** 
   6:..\max31855.c **** uint32_t read_max31855(uint8_t chip)
   7:..\max31855.c **** {
  28              		.loc 1 7 0
  29              		.cfi_startproc
  30              		@ args = 0, pretend = 0, frame = 0
  31              		@ frame_needed = 0, uses_anonymous_args = 0
  32              	.LVL0:
  33 0000 38B5     		push	{r3, r4, r5, lr}
  34              		.cfi_def_cfa_offset 16
  35              		.cfi_offset 3, -16
  36              		.cfi_offset 4, -12
  37              		.cfi_offset 5, -8
  38              		.cfi_offset 14, -4
  39              	.LVL1:
   8:..\max31855.c ****     int i;
   9:..\max31855.c ****     uint8_t chip_bit;
  10:..\max31855.c ****     uint32_t d;
  11:..\max31855.c **** 
  12:..\max31855.c ****     d = 0;
  13:..\max31855.c ****     chip_bit = ~(1<<chip);
  40              		.loc 1 13 0
  41 0002 0123     		movs	r3, #1
  42 0004 03FA00F0 		lsl	r0, r3, r0
  43              	.LVL2:
  44 0008 C043     		mvns	r0, r0
ARM GAS  C:\Users\scott\AppData\Local\Temp\cc9wzVNc.s 			page 2


  45              	.LVL3:
  14:..\max31855.c ****     Temp_CS_Write(chip_bit);
  46              		.loc 1 14 0
  47 000a C0B2     		uxtb	r0, r0
  48 000c FFF7FEFF 		bl	Temp_CS_Write
  49              	.LVL4:
  15:..\max31855.c **** 
  16:..\max31855.c ****     CyDelayUs(250);
  50              		.loc 1 16 0
  51 0010 FA20     		movs	r0, #250
  52 0012 FFF7FEFF 		bl	CyDelayUs
  53              	.LVL5:
  17:..\max31855.c ****     // software SPI
  18:..\max31855.c ****     Temp_CLK_Write(0);
  54              		.loc 1 18 0
  55 0016 0020     		movs	r0, #0
  56 0018 FFF7FEFF 		bl	Temp_CLK_Write
  57              	.LVL6:
  19:..\max31855.c ****     CyDelayUs(3);
  58              		.loc 1 19 0
  59 001c 0320     		movs	r0, #3
  60 001e FFF7FEFF 		bl	CyDelayUs
  61              	.LVL7:
  12:..\max31855.c ****     chip_bit = ~(1<<chip);
  62              		.loc 1 12 0
  63 0022 0025     		movs	r5, #0
  20:..\max31855.c ****     for (i=31; i>=0; i--) {
  64              		.loc 1 20 0
  65 0024 1F24     		movs	r4, #31
  66 0026 12E0     		b	.L2
  67              	.LVL8:
  68              	.L4:
  21:..\max31855.c ****         Temp_CLK_Write(0);
  69              		.loc 1 21 0
  70 0028 0020     		movs	r0, #0
  71 002a FFF7FEFF 		bl	Temp_CLK_Write
  72              	.LVL9:
  22:..\max31855.c ****         CyDelayUs(1);
  73              		.loc 1 22 0
  74 002e 0120     		movs	r0, #1
  75 0030 FFF7FEFF 		bl	CyDelayUs
  76              	.LVL10:
  23:..\max31855.c ****         d <<= 1;
  77              		.loc 1 23 0
  78 0034 6D00     		lsls	r5, r5, #1
  79              	.LVL11:
  24:..\max31855.c ****         if (MAX31855_MISO_Read())
  80              		.loc 1 24 0
  81 0036 FFF7FEFF 		bl	MAX31855_MISO_Read
  82              	.LVL12:
  83 003a 08B1     		cbz	r0, .L3
  25:..\max31855.c ****         {
  26:..\max31855.c ****             d |= 1;
  84              		.loc 1 26 0
  85 003c 45F00105 		orr	r5, r5, #1
  86              	.LVL13:
  87              	.L3:
ARM GAS  C:\Users\scott\AppData\Local\Temp\cc9wzVNc.s 			page 3


  27:..\max31855.c ****         }
  28:..\max31855.c **** 
  29:..\max31855.c ****         Temp_CLK_Write(1);
  88              		.loc 1 29 0 discriminator 2
  89 0040 0120     		movs	r0, #1
  90 0042 FFF7FEFF 		bl	Temp_CLK_Write
  91              	.LVL14:
  30:..\max31855.c ****         CyDelayUs(3);
  92              		.loc 1 30 0 discriminator 2
  93 0046 0320     		movs	r0, #3
  94 0048 FFF7FEFF 		bl	CyDelayUs
  95              	.LVL15:
  20:..\max31855.c ****         Temp_CLK_Write(0);
  96              		.loc 1 20 0 discriminator 2
  97 004c 013C     		subs	r4, r4, #1
  98              	.LVL16:
  99              	.L2:
  20:..\max31855.c ****         Temp_CLK_Write(0);
 100              		.loc 1 20 0 is_stmt 0 discriminator 1
 101 004e 002C     		cmp	r4, #0
 102 0050 EADA     		bge	.L4
  31:..\max31855.c ****     }
  32:..\max31855.c **** 
  33:..\max31855.c ****     Temp_CS_Write(0xff);
 103              		.loc 1 33 0 is_stmt 1
 104 0052 FF20     		movs	r0, #255
 105 0054 FFF7FEFF 		bl	Temp_CS_Write
 106              	.LVL17:
  34:..\max31855.c ****     return d;
  35:..\max31855.c **** }
 107              		.loc 1 35 0
 108 0058 2846     		mov	r0, r5
 109 005a 38BD     		pop	{r3, r4, r5, pc}
 110              		.cfi_endproc
 111              	.LFE64:
 112              		.size	read_max31855, .-read_max31855
 113              		.global	__aeabi_i2d
 114              		.global	__aeabi_dmul
 115              		.section	.text.max31855_Celsius,"ax",%progbits
 116              		.align	2
 117              		.global	max31855_Celsius
 118              		.thumb
 119              		.thumb_func
 120              		.type	max31855_Celsius, %function
 121              	max31855_Celsius:
 122              	.LFB65:
  36:..\max31855.c **** 
  37:..\max31855.c **** double max31855_Celsius(uint8_t chip)
  38:..\max31855.c **** {
 123              		.loc 1 38 0
 124              		.cfi_startproc
 125              		@ args = 0, pretend = 0, frame = 0
 126              		@ frame_needed = 0, uses_anonymous_args = 0
 127              	.LVL18:
 128 0000 08B5     		push	{r3, lr}
 129              		.cfi_def_cfa_offset 8
 130              		.cfi_offset 3, -8
ARM GAS  C:\Users\scott\AppData\Local\Temp\cc9wzVNc.s 			page 4


 131              		.cfi_offset 14, -4
  39:..\max31855.c ****     int32_t v;
  40:..\max31855.c **** 
  41:..\max31855.c ****     v = read_max31855(chip);
 132              		.loc 1 41 0
 133 0002 FFF7FEFF 		bl	read_max31855
 134              	.LVL19:
  42:..\max31855.c ****     if (v & 0x05)
 135              		.loc 1 42 0
 136 0006 10F0050F 		tst	r0, #5
 137 000a 04D0     		beq	.L7
  43:..\max31855.c ****     {
  44:..\max31855.c ****     // uh oh, a serious problem!
  45:..\max31855.c ****         return (v & 0x07);
 138              		.loc 1 45 0
 139 000c 00F00700 		and	r0, r0, #7
 140              	.LVL20:
 141 0010 FFF7FEFF 		bl	__aeabi_i2d
 142              	.LVL21:
 143 0014 08BD     		pop	{r3, pc}
 144              	.LVL22:
 145              	.L7:
  46:..\max31855.c ****     }
  47:..\max31855.c **** 
  48:..\max31855.c ****     if (v & 0x80000000)
 146              		.loc 1 48 0
 147 0016 0028     		cmp	r0, #0
 148 0018 05DA     		bge	.L9
  49:..\max31855.c ****     {
  50:..\max31855.c ****         // Negative value, drop the lower 18 bits and explicitly extend sign bits.
  51:..\max31855.c ****         v = 0xFFFFC000 | ((v >> 18) & 0x00003FFFF);
 149              		.loc 1 51 0
 150 001a 8014     		asrs	r0, r0, #18
 151              	.LVL23:
 152 001c 6FEA8040 		mvn	r0, r0, lsl #18
 153 0020 6FEA9040 		mvn	r0, r0, lsr #18
 154              	.LVL24:
 155 0024 00E0     		b	.L10
 156              	.L9:
  52:..\max31855.c ****     }
  53:..\max31855.c ****     else
  54:..\max31855.c ****     {
  55:..\max31855.c ****         // Positive value, just drop the lower 18 bits.
  56:..\max31855.c ****         v >>= 18;
 157              		.loc 1 56 0
 158 0026 8014     		asrs	r0, r0, #18
 159              	.LVL25:
 160              	.L10:
  57:..\max31855.c ****     }
  58:..\max31855.c ****     double centigrade = v;
 161              		.loc 1 58 0
 162 0028 FFF7FEFF 		bl	__aeabi_i2d
 163              	.LVL26:
  59:..\max31855.c ****     // LSB = 0.25 degrees C
  60:..\max31855.c ****     centigrade *= 0.25;
 164              		.loc 1 60 0
 165 002c 0022     		movs	r2, #0
ARM GAS  C:\Users\scott\AppData\Local\Temp\cc9wzVNc.s 			page 5


 166 002e 024B     		ldr	r3, .L12
 167 0030 FFF7FEFF 		bl	__aeabi_dmul
 168              	.LVL27:
  61:..\max31855.c ****     return centigrade;
  62:..\max31855.c **** }
 169              		.loc 1 62 0
 170 0034 08BD     		pop	{r3, pc}
 171              	.L13:
 172 0036 00BF     		.align	2
 173              	.L12:
 174 0038 0000D03F 		.word	1070596096
 175              		.cfi_endproc
 176              	.LFE65:
 177              		.size	max31855_Celsius, .-max31855_Celsius
 178              		.global	__aeabi_d2f
 179              		.global	__aeabi_f2d
 180              		.global	__aeabi_fadd
 181              		.section	.text.max31855_Farenheit,"ax",%progbits
 182              		.align	2
 183              		.global	max31855_Farenheit
 184              		.thumb
 185              		.thumb_func
 186              		.type	max31855_Farenheit, %function
 187              	max31855_Farenheit:
 188              	.LFB66:
  63:..\max31855.c **** double max31855_Farenheit(uint8_t chip)
  64:..\max31855.c **** {
 189              		.loc 1 64 0
 190              		.cfi_startproc
 191              		@ args = 0, pretend = 0, frame = 0
 192              		@ frame_needed = 0, uses_anonymous_args = 0
 193              	.LVL28:
 194 0000 08B5     		push	{r3, lr}
 195              		.cfi_def_cfa_offset 8
 196              		.cfi_offset 3, -8
 197              		.cfi_offset 14, -4
  65:..\max31855.c ****     float f = max31855_Celsius(chip);
 198              		.loc 1 65 0
 199 0002 FFF7FEFF 		bl	max31855_Celsius
 200              	.LVL29:
 201 0006 FFF7FEFF 		bl	__aeabi_d2f
 202              	.LVL30:
  66:..\max31855.c ****     f *= 1.8;
 203              		.loc 1 66 0
 204 000a FFF7FEFF 		bl	__aeabi_f2d
 205              	.LVL31:
 206 000e 08A3     		adr	r3, .L16
 207 0010 D3E90023 		ldrd	r2, [r3]
 208 0014 FFF7FEFF 		bl	__aeabi_dmul
 209              	.LVL32:
 210 0018 FFF7FEFF 		bl	__aeabi_d2f
 211              	.LVL33:
  67:..\max31855.c ****     f += 32;
 212              		.loc 1 67 0
 213 001c 4FF08441 		mov	r1, #1107296256
 214 0020 FFF7FEFF 		bl	__aeabi_fadd
 215              	.LVL34:
ARM GAS  C:\Users\scott\AppData\Local\Temp\cc9wzVNc.s 			page 6


  68:..\max31855.c ****     return f;
 216              		.loc 1 68 0
 217 0024 FFF7FEFF 		bl	__aeabi_f2d
 218              	.LVL35:
  69:..\max31855.c **** }
 219              		.loc 1 69 0
 220 0028 08BD     		pop	{r3, pc}
 221              	.L17:
 222 002a 00BFAFF3 		.align	3
 222      0080
 223              	.L16:
 224 0030 CDCCCCCC 		.word	-858993459
 225 0034 CCCCFC3F 		.word	1073532108
 226              		.cfi_endproc
 227              	.LFE66:
 228              		.size	max31855_Farenheit, .-max31855_Farenheit
 229              		.global	__aeabi_ui2d
 230              		.global	__aeabi_ui2f
 231              		.global	__aeabi_i2f
 232              		.global	__aeabi_fmul
 233              		.global	__aeabi_fcmpeq
 234              		.section	.text.max31855_Internal,"ax",%progbits
 235              		.align	2
 236              		.global	max31855_Internal
 237              		.thumb
 238              		.thumb_func
 239              		.type	max31855_Internal, %function
 240              	max31855_Internal:
 241              	.LFB67:
  70:..\max31855.c **** 
  71:..\max31855.c **** double max31855_Internal(uint8_t chip)
  72:..\max31855.c **** {
 242              		.loc 1 72 0
 243              		.cfi_startproc
 244              		@ args = 0, pretend = 0, frame = 0
 245              		@ frame_needed = 0, uses_anonymous_args = 0
 246              	.LVL36:
 247 0000 10B5     		push	{r4, lr}
 248              		.cfi_def_cfa_offset 8
 249              		.cfi_offset 4, -8
 250              		.cfi_offset 14, -4
  73:..\max31855.c ****     uint32_t v;
  74:..\max31855.c ****     float internal;
  75:..\max31855.c **** 
  76:..\max31855.c ****     v = read_max31855(chip);
 251              		.loc 1 76 0
 252 0002 FFF7FEFF 		bl	read_max31855
 253              	.LVL37:
  77:..\max31855.c ****     if (v & 0x07)
 254              		.loc 1 77 0
 255 0006 10F00703 		ands	r3, r0, #7
 256 000a 03D0     		beq	.L19
  78:..\max31855.c ****     {
  79:..\max31855.c ****         return (v & 0x07);
 257              		.loc 1 79 0
 258 000c 1846     		mov	r0, r3
 259              	.LVL38:
ARM GAS  C:\Users\scott\AppData\Local\Temp\cc9wzVNc.s 			page 7


 260 000e FFF7FEFF 		bl	__aeabi_ui2d
 261              	.LVL39:
 262 0012 10BD     		pop	{r4, pc}
 263              	.LVL40:
 264              	.L19:
  80:..\max31855.c ****     }
  81:..\max31855.c ****     // ignore bottom 4 bits - they're just thermocouple data
  82:..\max31855.c ****     v >>= 4;
 265              		.loc 1 82 0
 266 0014 0409     		lsrs	r4, r0, #4
 267              	.LVL41:
  83:..\max31855.c **** 
  84:..\max31855.c ****     // pull the bottom 11 bits off
  85:..\max31855.c ****     internal = v & 0x7FF;
 268              		.loc 1 85 0
 269 0016 C4F30A00 		ubfx	r0, r4, #0, #11
 270 001a FFF7FEFF 		bl	__aeabi_ui2f
 271              	.LVL42:
  86:..\max31855.c ****     // check sign bit!
  87:..\max31855.c ****     if (v & 0x800)
 272              		.loc 1 87 0
 273 001e 14F4006F 		tst	r4, #2048
 274 0022 05D0     		beq	.L21
 275              	.LVL43:
 276              	.LBB2:
  88:..\max31855.c ****     {
  89:..\max31855.c ****         // Convert to negative value by extending sign and casting to signed type.
  90:..\max31855.c ****         int16_t tmp = 0xF800 | (v & 0x7FF);
  91:..\max31855.c ****         internal = tmp;
 277              		.loc 1 91 0
 278 0024 6FEA4450 		mvn	r0, r4, lsl #21
 279              	.LVL44:
 280 0028 6FEA5050 		mvn	r0, r0, lsr #21
 281 002c FFF7FEFF 		bl	__aeabi_i2f
 282              	.LVL45:
 283              	.L21:
 284              	.LBE2:
  92:..\max31855.c ****     }
  93:..\max31855.c ****     internal *= 0.0625; // LSB = 0.0625 degrees
 285              		.loc 1 93 0
 286 0030 4FF07651 		mov	r1, #1031798784
 287 0034 FFF7FEFF 		bl	__aeabi_fmul
 288              	.LVL46:
  94:..\max31855.c ****     internal *= 1.8;
 289              		.loc 1 94 0
 290 0038 FFF7FEFF 		bl	__aeabi_f2d
 291              	.LVL47:
 292 003c 0AA3     		adr	r3, .L25
 293 003e D3E90023 		ldrd	r2, [r3]
 294 0042 FFF7FEFF 		bl	__aeabi_dmul
 295              	.LVL48:
 296 0046 FFF7FEFF 		bl	__aeabi_d2f
 297              	.LVL49:
  95:..\max31855.c ****     internal += 32;
 298              		.loc 1 95 0
 299 004a 4FF08441 		mov	r1, #1107296256
 300 004e FFF7FEFF 		bl	__aeabi_fadd
ARM GAS  C:\Users\scott\AppData\Local\Temp\cc9wzVNc.s 			page 8


 301              	.LVL50:
 302 0052 0446     		mov	r4, r0
 303              	.LVL51:
  96:..\max31855.c ****     if (internal == 32)
 304              		.loc 1 96 0
 305 0054 4FF08441 		mov	r1, #1107296256
 306 0058 FFF7FEFF 		bl	__aeabi_fcmpeq
 307              	.LVL52:
 308 005c 00B1     		cbz	r0, .L22
  97:..\max31855.c ****         internal = 0;
 309              		.loc 1 97 0
 310 005e 0024     		movs	r4, #0
 311              	.LVL53:
 312              	.L22:
  98:..\max31855.c ****     return internal;
 313              		.loc 1 98 0
 314 0060 2046     		mov	r0, r4
 315 0062 FFF7FEFF 		bl	__aeabi_f2d
 316              	.LVL54:
  99:..\max31855.c **** }
 317              		.loc 1 99 0
 318 0066 10BD     		pop	{r4, pc}
 319              	.LVL55:
 320              	.L26:
 321              		.align	3
 322              	.L25:
 323 0068 CDCCCCCC 		.word	-858993459
 324 006c CCCCFC3F 		.word	1073532108
 325              		.cfi_endproc
 326              	.LFE67:
 327              		.size	max31855_Internal, .-max31855_Internal
 328              		.text
 329              	.Letext0:
 330              		.file 2 "c:\\program files (x86)\\cypress\\psoc creator\\4.2\\psoc creator\\import\\gnu\\arm\\5.4.
 331              		.file 3 "c:\\program files (x86)\\cypress\\psoc creator\\4.2\\psoc creator\\import\\gnu\\arm\\5.4.
 332              		.file 4 "Generated_Source\\PSoC5/Temp_CS.h"
 333              		.file 5 "Generated_Source\\PSoC5/CyLib.h"
 334              		.file 6 "Generated_Source\\PSoC5/Temp_CLK.h"
 335              		.file 7 "Generated_Source\\PSoC5/MAX31855_MISO.h"
 336              		.file 8 "Generated_Source\\PSoC5/core_cm3.h"
 337              		.section	.debug_info,"",%progbits
 338              	.Ldebug_info0:
 339 0000 12030000 		.4byte	0x312
 340 0004 0400     		.2byte	0x4
 341 0006 00000000 		.4byte	.Ldebug_abbrev0
 342 000a 04       		.byte	0x4
 343 000b 01       		.uleb128 0x1
 344 000c 81000000 		.4byte	.LASF34
 345 0010 0C       		.byte	0xc
 346 0011 4F020000 		.4byte	.LASF35
 347 0015 BC010000 		.4byte	.LASF36
 348 0019 00000000 		.4byte	.Ldebug_ranges0+0
 349 001d 00000000 		.4byte	0
 350 0021 00000000 		.4byte	.Ldebug_line0
 351 0025 02       		.uleb128 0x2
 352 0026 01       		.byte	0x1
 353 0027 06       		.byte	0x6
ARM GAS  C:\Users\scott\AppData\Local\Temp\cc9wzVNc.s 			page 9


 354 0028 43020000 		.4byte	.LASF0
 355 002c 03       		.uleb128 0x3
 356 002d 00000000 		.4byte	.LASF2
 357 0031 02       		.byte	0x2
 358 0032 1D       		.byte	0x1d
 359 0033 37000000 		.4byte	0x37
 360 0037 02       		.uleb128 0x2
 361 0038 01       		.byte	0x1
 362 0039 08       		.byte	0x8
 363 003a 73000000 		.4byte	.LASF1
 364 003e 03       		.uleb128 0x3
 365 003f 13000000 		.4byte	.LASF3
 366 0043 02       		.byte	0x2
 367 0044 29       		.byte	0x29
 368 0045 49000000 		.4byte	0x49
 369 0049 02       		.uleb128 0x2
 370 004a 02       		.byte	0x2
 371 004b 05       		.byte	0x5
 372 004c 12020000 		.4byte	.LASF4
 373 0050 02       		.uleb128 0x2
 374 0051 02       		.byte	0x2
 375 0052 07       		.byte	0x7
 376 0053 34010000 		.4byte	.LASF5
 377 0057 03       		.uleb128 0x3
 378 0058 30000000 		.4byte	.LASF6
 379 005c 02       		.byte	0x2
 380 005d 3F       		.byte	0x3f
 381 005e 62000000 		.4byte	0x62
 382 0062 02       		.uleb128 0x2
 383 0063 04       		.byte	0x4
 384 0064 05       		.byte	0x5
 385 0065 25020000 		.4byte	.LASF7
 386 0069 03       		.uleb128 0x3
 387 006a 6D010000 		.4byte	.LASF8
 388 006e 02       		.byte	0x2
 389 006f 41       		.byte	0x41
 390 0070 74000000 		.4byte	0x74
 391 0074 02       		.uleb128 0x2
 392 0075 04       		.byte	0x4
 393 0076 07       		.byte	0x7
 394 0077 22010000 		.4byte	.LASF9
 395 007b 02       		.uleb128 0x2
 396 007c 08       		.byte	0x8
 397 007d 05       		.byte	0x5
 398 007e FF010000 		.4byte	.LASF10
 399 0082 02       		.uleb128 0x2
 400 0083 08       		.byte	0x8
 401 0084 07       		.byte	0x7
 402 0085 9D010000 		.4byte	.LASF11
 403 0089 04       		.uleb128 0x4
 404 008a 04       		.byte	0x4
 405 008b 05       		.byte	0x5
 406 008c 696E7400 		.ascii	"int\000"
 407 0090 02       		.uleb128 0x2
 408 0091 04       		.byte	0x4
 409 0092 07       		.byte	0x7
 410 0093 90010000 		.4byte	.LASF12
ARM GAS  C:\Users\scott\AppData\Local\Temp\cc9wzVNc.s 			page 10


 411 0097 03       		.uleb128 0x3
 412 0098 B4010000 		.4byte	.LASF13
 413 009c 03       		.byte	0x3
 414 009d 18       		.byte	0x18
 415 009e 2C000000 		.4byte	0x2c
 416 00a2 03       		.uleb128 0x3
 417 00a3 E6010000 		.4byte	.LASF14
 418 00a7 03       		.byte	0x3
 419 00a8 20       		.byte	0x20
 420 00a9 3E000000 		.4byte	0x3e
 421 00ad 03       		.uleb128 0x3
 422 00ae EE010000 		.4byte	.LASF15
 423 00b2 03       		.byte	0x3
 424 00b3 2C       		.byte	0x2c
 425 00b4 57000000 		.4byte	0x57
 426 00b8 03       		.uleb128 0x3
 427 00b9 1C020000 		.4byte	.LASF16
 428 00bd 03       		.byte	0x3
 429 00be 30       		.byte	0x30
 430 00bf 69000000 		.4byte	0x69
 431 00c3 02       		.uleb128 0x2
 432 00c4 04       		.byte	0x4
 433 00c5 04       		.byte	0x4
 434 00c6 6D000000 		.4byte	.LASF17
 435 00ca 02       		.uleb128 0x2
 436 00cb 08       		.byte	0x8
 437 00cc 04       		.byte	0x4
 438 00cd 54010000 		.4byte	.LASF18
 439 00d1 02       		.uleb128 0x2
 440 00d2 01       		.byte	0x1
 441 00d3 08       		.byte	0x8
 442 00d4 0D020000 		.4byte	.LASF19
 443 00d8 02       		.uleb128 0x2
 444 00d9 08       		.byte	0x8
 445 00da 04       		.byte	0x4
 446 00db 2E020000 		.4byte	.LASF20
 447 00df 02       		.uleb128 0x2
 448 00e0 04       		.byte	0x4
 449 00e1 07       		.byte	0x7
 450 00e2 F6010000 		.4byte	.LASF21
 451 00e6 05       		.uleb128 0x5
 452 00e7 49000000 		.4byte	.LASF23
 453 00eb 01       		.byte	0x1
 454 00ec 06       		.byte	0x6
 455 00ed B8000000 		.4byte	0xb8
 456 00f1 00000000 		.4byte	.LFB64
 457 00f5 5C000000 		.4byte	.LFE64-.LFB64
 458 00f9 01       		.uleb128 0x1
 459 00fa 9C       		.byte	0x9c
 460 00fb E0010000 		.4byte	0x1e0
 461 00ff 06       		.uleb128 0x6
 462 0100 57000000 		.4byte	.LASF25
 463 0104 01       		.byte	0x1
 464 0105 06       		.byte	0x6
 465 0106 97000000 		.4byte	0x97
 466 010a 00000000 		.4byte	.LLST0
 467 010e 07       		.uleb128 0x7
ARM GAS  C:\Users\scott\AppData\Local\Temp\cc9wzVNc.s 			page 11


 468 010f 6900     		.ascii	"i\000"
 469 0111 01       		.byte	0x1
 470 0112 08       		.byte	0x8
 471 0113 89000000 		.4byte	0x89
 472 0117 21000000 		.4byte	.LLST1
 473 011b 08       		.uleb128 0x8
 474 011c 3A020000 		.4byte	.LASF22
 475 0120 01       		.byte	0x1
 476 0121 09       		.byte	0x9
 477 0122 97000000 		.4byte	0x97
 478 0126 40000000 		.4byte	.LLST2
 479 012a 07       		.uleb128 0x7
 480 012b 6400     		.ascii	"d\000"
 481 012d 01       		.byte	0x1
 482 012e 0A       		.byte	0xa
 483 012f B8000000 		.4byte	0xb8
 484 0133 53000000 		.4byte	.LLST3
 485 0137 09       		.uleb128 0x9
 486 0138 10000000 		.4byte	.LVL4
 487 013c E9020000 		.4byte	0x2e9
 488 0140 0A       		.uleb128 0xa
 489 0141 16000000 		.4byte	.LVL5
 490 0145 F4020000 		.4byte	0x2f4
 491 0149 54010000 		.4byte	0x154
 492 014d 0B       		.uleb128 0xb
 493 014e 01       		.uleb128 0x1
 494 014f 50       		.byte	0x50
 495 0150 02       		.uleb128 0x2
 496 0151 08       		.byte	0x8
 497 0152 FA       		.byte	0xfa
 498 0153 00       		.byte	0
 499 0154 0A       		.uleb128 0xa
 500 0155 1C000000 		.4byte	.LVL6
 501 0159 FF020000 		.4byte	0x2ff
 502 015d 67010000 		.4byte	0x167
 503 0161 0B       		.uleb128 0xb
 504 0162 01       		.uleb128 0x1
 505 0163 50       		.byte	0x50
 506 0164 01       		.uleb128 0x1
 507 0165 30       		.byte	0x30
 508 0166 00       		.byte	0
 509 0167 0A       		.uleb128 0xa
 510 0168 22000000 		.4byte	.LVL7
 511 016c F4020000 		.4byte	0x2f4
 512 0170 7A010000 		.4byte	0x17a
 513 0174 0B       		.uleb128 0xb
 514 0175 01       		.uleb128 0x1
 515 0176 50       		.byte	0x50
 516 0177 01       		.uleb128 0x1
 517 0178 33       		.byte	0x33
 518 0179 00       		.byte	0
 519 017a 0A       		.uleb128 0xa
 520 017b 2E000000 		.4byte	.LVL9
 521 017f FF020000 		.4byte	0x2ff
 522 0183 8D010000 		.4byte	0x18d
 523 0187 0B       		.uleb128 0xb
 524 0188 01       		.uleb128 0x1
ARM GAS  C:\Users\scott\AppData\Local\Temp\cc9wzVNc.s 			page 12


 525 0189 50       		.byte	0x50
 526 018a 01       		.uleb128 0x1
 527 018b 30       		.byte	0x30
 528 018c 00       		.byte	0
 529 018d 0A       		.uleb128 0xa
 530 018e 34000000 		.4byte	.LVL10
 531 0192 F4020000 		.4byte	0x2f4
 532 0196 A0010000 		.4byte	0x1a0
 533 019a 0B       		.uleb128 0xb
 534 019b 01       		.uleb128 0x1
 535 019c 50       		.byte	0x50
 536 019d 01       		.uleb128 0x1
 537 019e 31       		.byte	0x31
 538 019f 00       		.byte	0
 539 01a0 09       		.uleb128 0x9
 540 01a1 3A000000 		.4byte	.LVL12
 541 01a5 0A030000 		.4byte	0x30a
 542 01a9 0A       		.uleb128 0xa
 543 01aa 46000000 		.4byte	.LVL14
 544 01ae FF020000 		.4byte	0x2ff
 545 01b2 BC010000 		.4byte	0x1bc
 546 01b6 0B       		.uleb128 0xb
 547 01b7 01       		.uleb128 0x1
 548 01b8 50       		.byte	0x50
 549 01b9 01       		.uleb128 0x1
 550 01ba 31       		.byte	0x31
 551 01bb 00       		.byte	0
 552 01bc 0A       		.uleb128 0xa
 553 01bd 4C000000 		.4byte	.LVL15
 554 01c1 F4020000 		.4byte	0x2f4
 555 01c5 CF010000 		.4byte	0x1cf
 556 01c9 0B       		.uleb128 0xb
 557 01ca 01       		.uleb128 0x1
 558 01cb 50       		.byte	0x50
 559 01cc 01       		.uleb128 0x1
 560 01cd 33       		.byte	0x33
 561 01ce 00       		.byte	0
 562 01cf 0C       		.uleb128 0xc
 563 01d0 58000000 		.4byte	.LVL17
 564 01d4 E9020000 		.4byte	0x2e9
 565 01d8 0B       		.uleb128 0xb
 566 01d9 01       		.uleb128 0x1
 567 01da 50       		.byte	0x50
 568 01db 02       		.uleb128 0x2
 569 01dc 09       		.byte	0x9
 570 01dd FF       		.byte	0xff
 571 01de 00       		.byte	0
 572 01df 00       		.byte	0
 573 01e0 0D       		.uleb128 0xd
 574 01e1 5C000000 		.4byte	.LASF24
 575 01e5 01       		.byte	0x1
 576 01e6 25       		.byte	0x25
 577 01e7 CA000000 		.4byte	0xca
 578 01eb 00000000 		.4byte	.LFB65
 579 01ef 3C000000 		.4byte	.LFE65-.LFB65
 580 01f3 01       		.uleb128 0x1
 581 01f4 9C       		.byte	0x9c
ARM GAS  C:\Users\scott\AppData\Local\Temp\cc9wzVNc.s 			page 13


 582 01f5 2E020000 		.4byte	0x22e
 583 01f9 06       		.uleb128 0x6
 584 01fa 57000000 		.4byte	.LASF25
 585 01fe 01       		.byte	0x1
 586 01ff 25       		.byte	0x25
 587 0200 97000000 		.4byte	0x97
 588 0204 72000000 		.4byte	.LLST4
 589 0208 07       		.uleb128 0x7
 590 0209 7600     		.ascii	"v\000"
 591 020b 01       		.byte	0x1
 592 020c 27       		.byte	0x27
 593 020d AD000000 		.4byte	0xad
 594 0211 93000000 		.4byte	.LLST5
 595 0215 08       		.uleb128 0x8
 596 0216 5D020000 		.4byte	.LASF26
 597 021a 01       		.byte	0x1
 598 021b 3A       		.byte	0x3a
 599 021c CA000000 		.4byte	0xca
 600 0220 BC000000 		.4byte	.LLST6
 601 0224 09       		.uleb128 0x9
 602 0225 06000000 		.4byte	.LVL19
 603 0229 E6000000 		.4byte	0xe6
 604 022d 00       		.byte	0
 605 022e 0D       		.uleb128 0xd
 606 022f 0F010000 		.4byte	.LASF27
 607 0233 01       		.byte	0x1
 608 0234 3F       		.byte	0x3f
 609 0235 CA000000 		.4byte	0xca
 610 0239 00000000 		.4byte	.LFB66
 611 023d 38000000 		.4byte	.LFE66-.LFB66
 612 0241 01       		.uleb128 0x1
 613 0242 9C       		.byte	0x9c
 614 0243 6D020000 		.4byte	0x26d
 615 0247 06       		.uleb128 0x6
 616 0248 57000000 		.4byte	.LASF25
 617 024c 01       		.byte	0x1
 618 024d 3F       		.byte	0x3f
 619 024e 97000000 		.4byte	0x97
 620 0252 E4000000 		.4byte	.LLST7
 621 0256 07       		.uleb128 0x7
 622 0257 6600     		.ascii	"f\000"
 623 0259 01       		.byte	0x1
 624 025a 41       		.byte	0x41
 625 025b C3000000 		.4byte	0xc3
 626 025f 05010000 		.4byte	.LLST8
 627 0263 09       		.uleb128 0x9
 628 0264 06000000 		.4byte	.LVL29
 629 0268 E0010000 		.4byte	0x1e0
 630 026c 00       		.byte	0
 631 026d 0D       		.uleb128 0xd
 632 026e 5B010000 		.4byte	.LASF28
 633 0272 01       		.byte	0x1
 634 0273 47       		.byte	0x47
 635 0274 CA000000 		.4byte	0xca
 636 0278 00000000 		.4byte	.LFB67
 637 027c 70000000 		.4byte	.LFE67-.LFB67
 638 0280 01       		.uleb128 0x1
ARM GAS  C:\Users\scott\AppData\Local\Temp\cc9wzVNc.s 			page 14


 639 0281 9C       		.byte	0x9c
 640 0282 D8020000 		.4byte	0x2d8
 641 0286 06       		.uleb128 0x6
 642 0287 57000000 		.4byte	.LASF25
 643 028b 01       		.byte	0x1
 644 028c 47       		.byte	0x47
 645 028d 97000000 		.4byte	0x97
 646 0291 2E010000 		.4byte	.LLST9
 647 0295 07       		.uleb128 0x7
 648 0296 7600     		.ascii	"v\000"
 649 0298 01       		.byte	0x1
 650 0299 49       		.byte	0x49
 651 029a B8000000 		.4byte	0xb8
 652 029e 4F010000 		.4byte	.LLST10
 653 02a2 08       		.uleb128 0x8
 654 02a3 0A000000 		.4byte	.LASF29
 655 02a7 01       		.byte	0x1
 656 02a8 4A       		.byte	0x4a
 657 02a9 C3000000 		.4byte	0xc3
 658 02ad 78010000 		.4byte	.LLST11
 659 02b1 0E       		.uleb128 0xe
 660 02b2 24000000 		.4byte	.LBB2
 661 02b6 0C000000 		.4byte	.LBE2-.LBB2
 662 02ba CE020000 		.4byte	0x2ce
 663 02be 07       		.uleb128 0x7
 664 02bf 746D7000 		.ascii	"tmp\000"
 665 02c3 01       		.byte	0x1
 666 02c4 5A       		.byte	0x5a
 667 02c5 A2000000 		.4byte	0xa2
 668 02c9 C2010000 		.4byte	.LLST12
 669 02cd 00       		.byte	0
 670 02ce 09       		.uleb128 0x9
 671 02cf 06000000 		.4byte	.LVL37
 672 02d3 E6000000 		.4byte	0xe6
 673 02d7 00       		.byte	0
 674 02d8 0F       		.uleb128 0xf
 675 02d9 47010000 		.4byte	.LASF37
 676 02dd 08       		.byte	0x8
 677 02de 1207     		.2byte	0x712
 678 02e0 E4020000 		.4byte	0x2e4
 679 02e4 10       		.uleb128 0x10
 680 02e5 AD000000 		.4byte	0xad
 681 02e9 11       		.uleb128 0x11
 682 02ea 78010000 		.4byte	.LASF30
 683 02ee 78010000 		.4byte	.LASF30
 684 02f2 04       		.byte	0x4
 685 02f3 2F       		.byte	0x2f
 686 02f4 11       		.uleb128 0x11
 687 02f5 86010000 		.4byte	.LASF31
 688 02f9 86010000 		.4byte	.LASF31
 689 02fd 05       		.byte	0x5
 690 02fe 77       		.byte	0x77
 691 02ff 11       		.uleb128 0x11
 692 0300 3A000000 		.4byte	.LASF32
 693 0304 3A000000 		.4byte	.LASF32
 694 0308 06       		.byte	0x6
 695 0309 2F       		.byte	0x2f
ARM GAS  C:\Users\scott\AppData\Local\Temp\cc9wzVNc.s 			page 15


 696 030a 11       		.uleb128 0x11
 697 030b 1D000000 		.4byte	.LASF33
 698 030f 1D000000 		.4byte	.LASF33
 699 0313 07       		.byte	0x7
 700 0314 29       		.byte	0x29
 701 0315 00       		.byte	0
 702              		.section	.debug_abbrev,"",%progbits
 703              	.Ldebug_abbrev0:
 704 0000 01       		.uleb128 0x1
 705 0001 11       		.uleb128 0x11
 706 0002 01       		.byte	0x1
 707 0003 25       		.uleb128 0x25
 708 0004 0E       		.uleb128 0xe
 709 0005 13       		.uleb128 0x13
 710 0006 0B       		.uleb128 0xb
 711 0007 03       		.uleb128 0x3
 712 0008 0E       		.uleb128 0xe
 713 0009 1B       		.uleb128 0x1b
 714 000a 0E       		.uleb128 0xe
 715 000b 55       		.uleb128 0x55
 716 000c 17       		.uleb128 0x17
 717 000d 11       		.uleb128 0x11
 718 000e 01       		.uleb128 0x1
 719 000f 10       		.uleb128 0x10
 720 0010 17       		.uleb128 0x17
 721 0011 00       		.byte	0
 722 0012 00       		.byte	0
 723 0013 02       		.uleb128 0x2
 724 0014 24       		.uleb128 0x24
 725 0015 00       		.byte	0
 726 0016 0B       		.uleb128 0xb
 727 0017 0B       		.uleb128 0xb
 728 0018 3E       		.uleb128 0x3e
 729 0019 0B       		.uleb128 0xb
 730 001a 03       		.uleb128 0x3
 731 001b 0E       		.uleb128 0xe
 732 001c 00       		.byte	0
 733 001d 00       		.byte	0
 734 001e 03       		.uleb128 0x3
 735 001f 16       		.uleb128 0x16
 736 0020 00       		.byte	0
 737 0021 03       		.uleb128 0x3
 738 0022 0E       		.uleb128 0xe
 739 0023 3A       		.uleb128 0x3a
 740 0024 0B       		.uleb128 0xb
 741 0025 3B       		.uleb128 0x3b
 742 0026 0B       		.uleb128 0xb
 743 0027 49       		.uleb128 0x49
 744 0028 13       		.uleb128 0x13
 745 0029 00       		.byte	0
 746 002a 00       		.byte	0
 747 002b 04       		.uleb128 0x4
 748 002c 24       		.uleb128 0x24
 749 002d 00       		.byte	0
 750 002e 0B       		.uleb128 0xb
 751 002f 0B       		.uleb128 0xb
 752 0030 3E       		.uleb128 0x3e
ARM GAS  C:\Users\scott\AppData\Local\Temp\cc9wzVNc.s 			page 16


 753 0031 0B       		.uleb128 0xb
 754 0032 03       		.uleb128 0x3
 755 0033 08       		.uleb128 0x8
 756 0034 00       		.byte	0
 757 0035 00       		.byte	0
 758 0036 05       		.uleb128 0x5
 759 0037 2E       		.uleb128 0x2e
 760 0038 01       		.byte	0x1
 761 0039 3F       		.uleb128 0x3f
 762 003a 19       		.uleb128 0x19
 763 003b 03       		.uleb128 0x3
 764 003c 0E       		.uleb128 0xe
 765 003d 3A       		.uleb128 0x3a
 766 003e 0B       		.uleb128 0xb
 767 003f 3B       		.uleb128 0x3b
 768 0040 0B       		.uleb128 0xb
 769 0041 27       		.uleb128 0x27
 770 0042 19       		.uleb128 0x19
 771 0043 49       		.uleb128 0x49
 772 0044 13       		.uleb128 0x13
 773 0045 11       		.uleb128 0x11
 774 0046 01       		.uleb128 0x1
 775 0047 12       		.uleb128 0x12
 776 0048 06       		.uleb128 0x6
 777 0049 40       		.uleb128 0x40
 778 004a 18       		.uleb128 0x18
 779 004b 9742     		.uleb128 0x2117
 780 004d 19       		.uleb128 0x19
 781 004e 01       		.uleb128 0x1
 782 004f 13       		.uleb128 0x13
 783 0050 00       		.byte	0
 784 0051 00       		.byte	0
 785 0052 06       		.uleb128 0x6
 786 0053 05       		.uleb128 0x5
 787 0054 00       		.byte	0
 788 0055 03       		.uleb128 0x3
 789 0056 0E       		.uleb128 0xe
 790 0057 3A       		.uleb128 0x3a
 791 0058 0B       		.uleb128 0xb
 792 0059 3B       		.uleb128 0x3b
 793 005a 0B       		.uleb128 0xb
 794 005b 49       		.uleb128 0x49
 795 005c 13       		.uleb128 0x13
 796 005d 02       		.uleb128 0x2
 797 005e 17       		.uleb128 0x17
 798 005f 00       		.byte	0
 799 0060 00       		.byte	0
 800 0061 07       		.uleb128 0x7
 801 0062 34       		.uleb128 0x34
 802 0063 00       		.byte	0
 803 0064 03       		.uleb128 0x3
 804 0065 08       		.uleb128 0x8
 805 0066 3A       		.uleb128 0x3a
 806 0067 0B       		.uleb128 0xb
 807 0068 3B       		.uleb128 0x3b
 808 0069 0B       		.uleb128 0xb
 809 006a 49       		.uleb128 0x49
ARM GAS  C:\Users\scott\AppData\Local\Temp\cc9wzVNc.s 			page 17


 810 006b 13       		.uleb128 0x13
 811 006c 02       		.uleb128 0x2
 812 006d 17       		.uleb128 0x17
 813 006e 00       		.byte	0
 814 006f 00       		.byte	0
 815 0070 08       		.uleb128 0x8
 816 0071 34       		.uleb128 0x34
 817 0072 00       		.byte	0
 818 0073 03       		.uleb128 0x3
 819 0074 0E       		.uleb128 0xe
 820 0075 3A       		.uleb128 0x3a
 821 0076 0B       		.uleb128 0xb
 822 0077 3B       		.uleb128 0x3b
 823 0078 0B       		.uleb128 0xb
 824 0079 49       		.uleb128 0x49
 825 007a 13       		.uleb128 0x13
 826 007b 02       		.uleb128 0x2
 827 007c 17       		.uleb128 0x17
 828 007d 00       		.byte	0
 829 007e 00       		.byte	0
 830 007f 09       		.uleb128 0x9
 831 0080 898201   		.uleb128 0x4109
 832 0083 00       		.byte	0
 833 0084 11       		.uleb128 0x11
 834 0085 01       		.uleb128 0x1
 835 0086 31       		.uleb128 0x31
 836 0087 13       		.uleb128 0x13
 837 0088 00       		.byte	0
 838 0089 00       		.byte	0
 839 008a 0A       		.uleb128 0xa
 840 008b 898201   		.uleb128 0x4109
 841 008e 01       		.byte	0x1
 842 008f 11       		.uleb128 0x11
 843 0090 01       		.uleb128 0x1
 844 0091 31       		.uleb128 0x31
 845 0092 13       		.uleb128 0x13
 846 0093 01       		.uleb128 0x1
 847 0094 13       		.uleb128 0x13
 848 0095 00       		.byte	0
 849 0096 00       		.byte	0
 850 0097 0B       		.uleb128 0xb
 851 0098 8A8201   		.uleb128 0x410a
 852 009b 00       		.byte	0
 853 009c 02       		.uleb128 0x2
 854 009d 18       		.uleb128 0x18
 855 009e 9142     		.uleb128 0x2111
 856 00a0 18       		.uleb128 0x18
 857 00a1 00       		.byte	0
 858 00a2 00       		.byte	0
 859 00a3 0C       		.uleb128 0xc
 860 00a4 898201   		.uleb128 0x4109
 861 00a7 01       		.byte	0x1
 862 00a8 11       		.uleb128 0x11
 863 00a9 01       		.uleb128 0x1
 864 00aa 31       		.uleb128 0x31
 865 00ab 13       		.uleb128 0x13
 866 00ac 00       		.byte	0
ARM GAS  C:\Users\scott\AppData\Local\Temp\cc9wzVNc.s 			page 18


 867 00ad 00       		.byte	0
 868 00ae 0D       		.uleb128 0xd
 869 00af 2E       		.uleb128 0x2e
 870 00b0 01       		.byte	0x1
 871 00b1 3F       		.uleb128 0x3f
 872 00b2 19       		.uleb128 0x19
 873 00b3 03       		.uleb128 0x3
 874 00b4 0E       		.uleb128 0xe
 875 00b5 3A       		.uleb128 0x3a
 876 00b6 0B       		.uleb128 0xb
 877 00b7 3B       		.uleb128 0x3b
 878 00b8 0B       		.uleb128 0xb
 879 00b9 27       		.uleb128 0x27
 880 00ba 19       		.uleb128 0x19
 881 00bb 49       		.uleb128 0x49
 882 00bc 13       		.uleb128 0x13
 883 00bd 11       		.uleb128 0x11
 884 00be 01       		.uleb128 0x1
 885 00bf 12       		.uleb128 0x12
 886 00c0 06       		.uleb128 0x6
 887 00c1 40       		.uleb128 0x40
 888 00c2 18       		.uleb128 0x18
 889 00c3 9642     		.uleb128 0x2116
 890 00c5 19       		.uleb128 0x19
 891 00c6 01       		.uleb128 0x1
 892 00c7 13       		.uleb128 0x13
 893 00c8 00       		.byte	0
 894 00c9 00       		.byte	0
 895 00ca 0E       		.uleb128 0xe
 896 00cb 0B       		.uleb128 0xb
 897 00cc 01       		.byte	0x1
 898 00cd 11       		.uleb128 0x11
 899 00ce 01       		.uleb128 0x1
 900 00cf 12       		.uleb128 0x12
 901 00d0 06       		.uleb128 0x6
 902 00d1 01       		.uleb128 0x1
 903 00d2 13       		.uleb128 0x13
 904 00d3 00       		.byte	0
 905 00d4 00       		.byte	0
 906 00d5 0F       		.uleb128 0xf
 907 00d6 34       		.uleb128 0x34
 908 00d7 00       		.byte	0
 909 00d8 03       		.uleb128 0x3
 910 00d9 0E       		.uleb128 0xe
 911 00da 3A       		.uleb128 0x3a
 912 00db 0B       		.uleb128 0xb
 913 00dc 3B       		.uleb128 0x3b
 914 00dd 05       		.uleb128 0x5
 915 00de 49       		.uleb128 0x49
 916 00df 13       		.uleb128 0x13
 917 00e0 3F       		.uleb128 0x3f
 918 00e1 19       		.uleb128 0x19
 919 00e2 3C       		.uleb128 0x3c
 920 00e3 19       		.uleb128 0x19
 921 00e4 00       		.byte	0
 922 00e5 00       		.byte	0
 923 00e6 10       		.uleb128 0x10
ARM GAS  C:\Users\scott\AppData\Local\Temp\cc9wzVNc.s 			page 19


 924 00e7 35       		.uleb128 0x35
 925 00e8 00       		.byte	0
 926 00e9 49       		.uleb128 0x49
 927 00ea 13       		.uleb128 0x13
 928 00eb 00       		.byte	0
 929 00ec 00       		.byte	0
 930 00ed 11       		.uleb128 0x11
 931 00ee 2E       		.uleb128 0x2e
 932 00ef 00       		.byte	0
 933 00f0 3F       		.uleb128 0x3f
 934 00f1 19       		.uleb128 0x19
 935 00f2 3C       		.uleb128 0x3c
 936 00f3 19       		.uleb128 0x19
 937 00f4 6E       		.uleb128 0x6e
 938 00f5 0E       		.uleb128 0xe
 939 00f6 03       		.uleb128 0x3
 940 00f7 0E       		.uleb128 0xe
 941 00f8 3A       		.uleb128 0x3a
 942 00f9 0B       		.uleb128 0xb
 943 00fa 3B       		.uleb128 0x3b
 944 00fb 0B       		.uleb128 0xb
 945 00fc 00       		.byte	0
 946 00fd 00       		.byte	0
 947 00fe 00       		.byte	0
 948              		.section	.debug_loc,"",%progbits
 949              	.Ldebug_loc0:
 950              	.LLST0:
 951 0000 00000000 		.4byte	.LVL0
 952 0004 08000000 		.4byte	.LVL2
 953 0008 0100     		.2byte	0x1
 954 000a 50       		.byte	0x50
 955 000b 08000000 		.4byte	.LVL2
 956 000f 5C000000 		.4byte	.LFE64
 957 0013 0400     		.2byte	0x4
 958 0015 F3       		.byte	0xf3
 959 0016 01       		.uleb128 0x1
 960 0017 50       		.byte	0x50
 961 0018 9F       		.byte	0x9f
 962 0019 00000000 		.4byte	0
 963 001d 00000000 		.4byte	0
 964              	.LLST1:
 965 0021 22000000 		.4byte	.LVL7
 966 0025 28000000 		.4byte	.LVL8
 967 0029 0200     		.2byte	0x2
 968 002b 4F       		.byte	0x4f
 969 002c 9F       		.byte	0x9f
 970 002d 28000000 		.4byte	.LVL8
 971 0031 5C000000 		.4byte	.LFE64
 972 0035 0100     		.2byte	0x1
 973 0037 54       		.byte	0x54
 974 0038 00000000 		.4byte	0
 975 003c 00000000 		.4byte	0
 976              	.LLST2:
 977 0040 0A000000 		.4byte	.LVL3
 978 0044 0F000000 		.4byte	.LVL4-1
 979 0048 0100     		.2byte	0x1
 980 004a 50       		.byte	0x50
ARM GAS  C:\Users\scott\AppData\Local\Temp\cc9wzVNc.s 			page 20


 981 004b 00000000 		.4byte	0
 982 004f 00000000 		.4byte	0
 983              	.LLST3:
 984 0053 02000000 		.4byte	.LVL1
 985 0057 28000000 		.4byte	.LVL8
 986 005b 0200     		.2byte	0x2
 987 005d 30       		.byte	0x30
 988 005e 9F       		.byte	0x9f
 989 005f 28000000 		.4byte	.LVL8
 990 0063 5C000000 		.4byte	.LFE64
 991 0067 0100     		.2byte	0x1
 992 0069 55       		.byte	0x55
 993 006a 00000000 		.4byte	0
 994 006e 00000000 		.4byte	0
 995              	.LLST4:
 996 0072 00000000 		.4byte	.LVL18
 997 0076 05000000 		.4byte	.LVL19-1
 998 007a 0100     		.2byte	0x1
 999 007c 50       		.byte	0x50
 1000 007d 05000000 		.4byte	.LVL19-1
 1001 0081 3C000000 		.4byte	.LFE65
 1002 0085 0400     		.2byte	0x4
 1003 0087 F3       		.byte	0xf3
 1004 0088 01       		.uleb128 0x1
 1005 0089 50       		.byte	0x50
 1006 008a 9F       		.byte	0x9f
 1007 008b 00000000 		.4byte	0
 1008 008f 00000000 		.4byte	0
 1009              	.LLST5:
 1010 0093 06000000 		.4byte	.LVL19
 1011 0097 10000000 		.4byte	.LVL20
 1012 009b 0100     		.2byte	0x1
 1013 009d 50       		.byte	0x50
 1014 009e 16000000 		.4byte	.LVL22
 1015 00a2 1C000000 		.4byte	.LVL23
 1016 00a6 0100     		.2byte	0x1
 1017 00a8 50       		.byte	0x50
 1018 00a9 24000000 		.4byte	.LVL24
 1019 00ad 2B000000 		.4byte	.LVL26-1
 1020 00b1 0100     		.2byte	0x1
 1021 00b3 50       		.byte	0x50
 1022 00b4 00000000 		.4byte	0
 1023 00b8 00000000 		.4byte	0
 1024              	.LLST6:
 1025 00bc 2C000000 		.4byte	.LVL26
 1026 00c0 33000000 		.4byte	.LVL27-1
 1027 00c4 0600     		.2byte	0x6
 1028 00c6 50       		.byte	0x50
 1029 00c7 93       		.byte	0x93
 1030 00c8 04       		.uleb128 0x4
 1031 00c9 51       		.byte	0x51
 1032 00ca 93       		.byte	0x93
 1033 00cb 04       		.uleb128 0x4
 1034 00cc 34000000 		.4byte	.LVL27
 1035 00d0 3C000000 		.4byte	.LFE65
 1036 00d4 0600     		.2byte	0x6
 1037 00d6 50       		.byte	0x50
ARM GAS  C:\Users\scott\AppData\Local\Temp\cc9wzVNc.s 			page 21


 1038 00d7 93       		.byte	0x93
 1039 00d8 04       		.uleb128 0x4
 1040 00d9 51       		.byte	0x51
 1041 00da 93       		.byte	0x93
 1042 00db 04       		.uleb128 0x4
 1043 00dc 00000000 		.4byte	0
 1044 00e0 00000000 		.4byte	0
 1045              	.LLST7:
 1046 00e4 00000000 		.4byte	.LVL28
 1047 00e8 05000000 		.4byte	.LVL29-1
 1048 00ec 0100     		.2byte	0x1
 1049 00ee 50       		.byte	0x50
 1050 00ef 05000000 		.4byte	.LVL29-1
 1051 00f3 38000000 		.4byte	.LFE66
 1052 00f7 0400     		.2byte	0x4
 1053 00f9 F3       		.byte	0xf3
 1054 00fa 01       		.uleb128 0x1
 1055 00fb 50       		.byte	0x50
 1056 00fc 9F       		.byte	0x9f
 1057 00fd 00000000 		.4byte	0
 1058 0101 00000000 		.4byte	0
 1059              	.LLST8:
 1060 0105 0A000000 		.4byte	.LVL30
 1061 0109 0D000000 		.4byte	.LVL31-1
 1062 010d 0100     		.2byte	0x1
 1063 010f 50       		.byte	0x50
 1064 0110 1C000000 		.4byte	.LVL33
 1065 0114 23000000 		.4byte	.LVL34-1
 1066 0118 0100     		.2byte	0x1
 1067 011a 50       		.byte	0x50
 1068 011b 24000000 		.4byte	.LVL34
 1069 011f 27000000 		.4byte	.LVL35-1
 1070 0123 0100     		.2byte	0x1
 1071 0125 50       		.byte	0x50
 1072 0126 00000000 		.4byte	0
 1073 012a 00000000 		.4byte	0
 1074              	.LLST9:
 1075 012e 00000000 		.4byte	.LVL36
 1076 0132 05000000 		.4byte	.LVL37-1
 1077 0136 0100     		.2byte	0x1
 1078 0138 50       		.byte	0x50
 1079 0139 05000000 		.4byte	.LVL37-1
 1080 013d 70000000 		.4byte	.LFE67
 1081 0141 0400     		.2byte	0x4
 1082 0143 F3       		.byte	0xf3
 1083 0144 01       		.uleb128 0x1
 1084 0145 50       		.byte	0x50
 1085 0146 9F       		.byte	0x9f
 1086 0147 00000000 		.4byte	0
 1087 014b 00000000 		.4byte	0
 1088              	.LLST10:
 1089 014f 06000000 		.4byte	.LVL37
 1090 0153 0E000000 		.4byte	.LVL38
 1091 0157 0100     		.2byte	0x1
 1092 0159 50       		.byte	0x50
 1093 015a 14000000 		.4byte	.LVL40
 1094 015e 16000000 		.4byte	.LVL41
ARM GAS  C:\Users\scott\AppData\Local\Temp\cc9wzVNc.s 			page 22


 1095 0162 0100     		.2byte	0x1
 1096 0164 50       		.byte	0x50
 1097 0165 16000000 		.4byte	.LVL41
 1098 0169 54000000 		.4byte	.LVL51
 1099 016d 0100     		.2byte	0x1
 1100 016f 54       		.byte	0x54
 1101 0170 00000000 		.4byte	0
 1102 0174 00000000 		.4byte	0
 1103              	.LLST11:
 1104 0178 1E000000 		.4byte	.LVL42
 1105 017c 28000000 		.4byte	.LVL44
 1106 0180 0100     		.2byte	0x1
 1107 0182 50       		.byte	0x50
 1108 0183 30000000 		.4byte	.LVL45
 1109 0187 37000000 		.4byte	.LVL46-1
 1110 018b 0100     		.2byte	0x1
 1111 018d 50       		.byte	0x50
 1112 018e 38000000 		.4byte	.LVL46
 1113 0192 3B000000 		.4byte	.LVL47-1
 1114 0196 0100     		.2byte	0x1
 1115 0198 50       		.byte	0x50
 1116 0199 4A000000 		.4byte	.LVL49
 1117 019d 51000000 		.4byte	.LVL50-1
 1118 01a1 0100     		.2byte	0x1
 1119 01a3 50       		.byte	0x50
 1120 01a4 54000000 		.4byte	.LVL51
 1121 01a8 5B000000 		.4byte	.LVL52-1
 1122 01ac 0100     		.2byte	0x1
 1123 01ae 50       		.byte	0x50
 1124 01af 5B000000 		.4byte	.LVL52-1
 1125 01b3 68000000 		.4byte	.LVL55
 1126 01b7 0100     		.2byte	0x1
 1127 01b9 54       		.byte	0x54
 1128 01ba 00000000 		.4byte	0
 1129 01be 00000000 		.4byte	0
 1130              	.LLST12:
 1131 01c2 24000000 		.4byte	.LVL43
 1132 01c6 30000000 		.4byte	.LVL45
 1133 01ca 0700     		.2byte	0x7
 1134 01cc 74       		.byte	0x74
 1135 01cd 00       		.sleb128 0
 1136 01ce 0B       		.byte	0xb
 1137 01cf 00F8     		.2byte	0xf800
 1138 01d1 21       		.byte	0x21
 1139 01d2 9F       		.byte	0x9f
 1140 01d3 00000000 		.4byte	0
 1141 01d7 00000000 		.4byte	0
 1142              		.section	.debug_aranges,"",%progbits
 1143 0000 34000000 		.4byte	0x34
 1144 0004 0200     		.2byte	0x2
 1145 0006 00000000 		.4byte	.Ldebug_info0
 1146 000a 04       		.byte	0x4
 1147 000b 00       		.byte	0
 1148 000c 0000     		.2byte	0
 1149 000e 0000     		.2byte	0
 1150 0010 00000000 		.4byte	.LFB64
 1151 0014 5C000000 		.4byte	.LFE64-.LFB64
ARM GAS  C:\Users\scott\AppData\Local\Temp\cc9wzVNc.s 			page 23


 1152 0018 00000000 		.4byte	.LFB65
 1153 001c 3C000000 		.4byte	.LFE65-.LFB65
 1154 0020 00000000 		.4byte	.LFB66
 1155 0024 38000000 		.4byte	.LFE66-.LFB66
 1156 0028 00000000 		.4byte	.LFB67
 1157 002c 70000000 		.4byte	.LFE67-.LFB67
 1158 0030 00000000 		.4byte	0
 1159 0034 00000000 		.4byte	0
 1160              		.section	.debug_ranges,"",%progbits
 1161              	.Ldebug_ranges0:
 1162 0000 00000000 		.4byte	.LFB64
 1163 0004 5C000000 		.4byte	.LFE64
 1164 0008 00000000 		.4byte	.LFB65
 1165 000c 3C000000 		.4byte	.LFE65
 1166 0010 00000000 		.4byte	.LFB66
 1167 0014 38000000 		.4byte	.LFE66
 1168 0018 00000000 		.4byte	.LFB67
 1169 001c 70000000 		.4byte	.LFE67
 1170 0020 00000000 		.4byte	0
 1171 0024 00000000 		.4byte	0
 1172              		.section	.debug_line,"",%progbits
 1173              	.Ldebug_line0:
 1174 0000 06020000 		.section	.debug_str,"MS",%progbits,1
 1174      02007F01 
 1174      00000201 
 1174      FB0E0D00 
 1174      01010101 
 1175              	.LASF2:
 1176 0000 5F5F7569 		.ascii	"__uint8_t\000"
 1176      6E74385F 
 1176      7400
 1177              	.LASF29:
 1178 000a 696E7465 		.ascii	"internal\000"
 1178      726E616C 
 1178      00
 1179              	.LASF3:
 1180 0013 5F5F696E 		.ascii	"__int16_t\000"
 1180      7431365F 
 1180      7400
 1181              	.LASF33:
 1182 001d 4D415833 		.ascii	"MAX31855_MISO_Read\000"
 1182      31383535 
 1182      5F4D4953 
 1182      4F5F5265 
 1182      616400
 1183              	.LASF6:
 1184 0030 5F5F696E 		.ascii	"__int32_t\000"
 1184      7433325F 
 1184      7400
 1185              	.LASF32:
 1186 003a 54656D70 		.ascii	"Temp_CLK_Write\000"
 1186      5F434C4B 
 1186      5F577269 
 1186      746500
 1187              	.LASF23:
 1188 0049 72656164 		.ascii	"read_max31855\000"
 1188      5F6D6178 
ARM GAS  C:\Users\scott\AppData\Local\Temp\cc9wzVNc.s 			page 24


 1188      33313835 
 1188      3500
 1189              	.LASF25:
 1190 0057 63686970 		.ascii	"chip\000"
 1190      00
 1191              	.LASF24:
 1192 005c 6D617833 		.ascii	"max31855_Celsius\000"
 1192      31383535 
 1192      5F43656C 
 1192      73697573 
 1192      00
 1193              	.LASF17:
 1194 006d 666C6F61 		.ascii	"float\000"
 1194      7400
 1195              	.LASF1:
 1196 0073 756E7369 		.ascii	"unsigned char\000"
 1196      676E6564 
 1196      20636861 
 1196      7200
 1197              	.LASF34:
 1198 0081 474E5520 		.ascii	"GNU C11 5.4.1 20160609 (release) [ARM/embedded-5-br"
 1198      43313120 
 1198      352E342E 
 1198      31203230 
 1198      31363036 
 1199 00b4 616E6368 		.ascii	"anch revision 237715] -mcpu=cortex-m3 -mthumb -g -O"
 1199      20726576 
 1199      6973696F 
 1199      6E203233 
 1199      37373135 
 1200 00e7 67202D66 		.ascii	"g -ffunction-sections -ffat-lto-objects\000"
 1200      66756E63 
 1200      74696F6E 
 1200      2D736563 
 1200      74696F6E 
 1201              	.LASF27:
 1202 010f 6D617833 		.ascii	"max31855_Farenheit\000"
 1202      31383535 
 1202      5F466172 
 1202      656E6865 
 1202      697400
 1203              	.LASF9:
 1204 0122 6C6F6E67 		.ascii	"long unsigned int\000"
 1204      20756E73 
 1204      69676E65 
 1204      6420696E 
 1204      7400
 1205              	.LASF5:
 1206 0134 73686F72 		.ascii	"short unsigned int\000"
 1206      7420756E 
 1206      7369676E 
 1206      65642069 
 1206      6E7400
 1207              	.LASF37:
 1208 0147 49544D5F 		.ascii	"ITM_RxBuffer\000"
 1208      52784275 
 1208      66666572 
ARM GAS  C:\Users\scott\AppData\Local\Temp\cc9wzVNc.s 			page 25


 1208      00
 1209              	.LASF18:
 1210 0154 646F7562 		.ascii	"double\000"
 1210      6C6500
 1211              	.LASF28:
 1212 015b 6D617833 		.ascii	"max31855_Internal\000"
 1212      31383535 
 1212      5F496E74 
 1212      65726E61 
 1212      6C00
 1213              	.LASF8:
 1214 016d 5F5F7569 		.ascii	"__uint32_t\000"
 1214      6E743332 
 1214      5F7400
 1215              	.LASF30:
 1216 0178 54656D70 		.ascii	"Temp_CS_Write\000"
 1216      5F43535F 
 1216      57726974 
 1216      6500
 1217              	.LASF31:
 1218 0186 43794465 		.ascii	"CyDelayUs\000"
 1218      6C617955 
 1218      7300
 1219              	.LASF12:
 1220 0190 756E7369 		.ascii	"unsigned int\000"
 1220      676E6564 
 1220      20696E74 
 1220      00
 1221              	.LASF11:
 1222 019d 6C6F6E67 		.ascii	"long long unsigned int\000"
 1222      206C6F6E 
 1222      6720756E 
 1222      7369676E 
 1222      65642069 
 1223              	.LASF13:
 1224 01b4 75696E74 		.ascii	"uint8_t\000"
 1224      385F7400 
 1225              	.LASF36:
 1226 01bc 583A5C70 		.ascii	"X:\\projects\\PVCC-Air-Handlers\\AHU_2.cydsn\000"
 1226      726F6A65 
 1226      6374735C 
 1226      50564343 
 1226      2D416972 
 1227              	.LASF14:
 1228 01e6 696E7431 		.ascii	"int16_t\000"
 1228      365F7400 
 1229              	.LASF15:
 1230 01ee 696E7433 		.ascii	"int32_t\000"
 1230      325F7400 
 1231              	.LASF21:
 1232 01f6 73697A65 		.ascii	"sizetype\000"
 1232      74797065 
 1232      00
 1233              	.LASF10:
 1234 01ff 6C6F6E67 		.ascii	"long long int\000"
 1234      206C6F6E 
 1234      6720696E 
ARM GAS  C:\Users\scott\AppData\Local\Temp\cc9wzVNc.s 			page 26


 1234      7400
 1235              	.LASF19:
 1236 020d 63686172 		.ascii	"char\000"
 1236      00
 1237              	.LASF4:
 1238 0212 73686F72 		.ascii	"short int\000"
 1238      7420696E 
 1238      7400
 1239              	.LASF16:
 1240 021c 75696E74 		.ascii	"uint32_t\000"
 1240      33325F74 
 1240      00
 1241              	.LASF7:
 1242 0225 6C6F6E67 		.ascii	"long int\000"
 1242      20696E74 
 1242      00
 1243              	.LASF20:
 1244 022e 6C6F6E67 		.ascii	"long double\000"
 1244      20646F75 
 1244      626C6500 
 1245              	.LASF22:
 1246 023a 63686970 		.ascii	"chip_bit\000"
 1246      5F626974 
 1246      00
 1247              	.LASF0:
 1248 0243 7369676E 		.ascii	"signed char\000"
 1248      65642063 
 1248      68617200 
 1249              	.LASF35:
 1250 024f 2E2E5C6D 		.ascii	"..\\max31855.c\000"
 1250      61783331 
 1250      3835352E 
 1250      6300
 1251              	.LASF26:
 1252 025d 63656E74 		.ascii	"centigrade\000"
 1252      69677261 
 1252      646500
 1253              		.ident	"GCC: (GNU Tools for ARM Embedded Processors) 5.4.1 20160609 (release) [ARM/embedded-5-bran
